<?xml version="1.0" encoding="utf-8"?><testsuites name="pytest tests"><testsuite name="pytest" errors="0" failures="4" skipped="0" tests="35" time="7.177" timestamp="2026-07-21T23:39:10.461717+00:00" hostname="agent-env-8e68233a-bb4a-4786-a332-9627757a4d64"><testcase classname="tests.backend_test.TestIteration9" name="test_similar_categories_empty_returns_empty" time="0.596" /><testcase classname="tests.backend_test" name="test_api_root" time="0.630" /><testcase classname="tests.backend_test.TestIteration9" name="test_similar_categories_fuzzy_match" time="0.261" /><testcase classname="tests.backend_test" name="test_stats_shape" time="0.049" /><testcase classname="tests.backend_test" name="test_categories_returns_subcategories_as_objects" time="0.153" /><testcase classname="tests.backend_test.TestIteration9" name="test_categories_merge_full_flow" time="0.927" /><testcase classname="tests.backend_test" name="test_subcategory_add_rename_delete_flat" time="0.593" /><testcase classname="tests.backend_test" name="test_subcategory_nested_3_deep" time="0.612" /><testcase classname="tests.backend_test.TestIteration9" name="test_migrate_legacy_flags" time="0.376" /><testcase classname="tests.backend_test" name="test_legacy_string_subcategories_migrated_on_read" time="0.045" /><testcase classname="tests.backend_test" name="test_show_accepts_and_persists_image_id_and_notes" time="0.321" /><testcase classname="tests.backend_test.TestIteration9" name="test_stats_has_in_use_count" time="0.103" /><testcase classname="tests.backend_test.TestIteration9" name="test_in_use_endpoint_and_roundtrip" time="0.384" /><testcase classname="tests.backend_test" name="test_costume_filters_year_and_show_id" time="0.699"><failure message="assert set() == {1988}&#10;  &#10;  Extra items in the right set:&#10;  1988&#10;  &#10;  Full diff:&#10;  + set()&#10;  - {&#10;  -     1988,&#10;  - }">E   assert set() == {1988}
      
      Extra items in the right set:
      1988
      
      Full diff:
      + set()
      - {
      -     1988,
      - }</failure></testcase><testcase classname="tests.backend_test.TestIteration9" name="test_flag_image_ids_crud" time="0.415" /><testcase classname="tests.backend_test.TestIteration9" name="test_show_link_timestamp_persists" time="0.057"><failure message="KeyError: 'link_timestamp'">E   KeyError: 'link_timestamp'</failure></testcase><testcase classname="tests.backend_test" name="test_system_size_sort_falls_through_no_500" time="0.278" /><testcase classname="tests.backend_test.TestIteration8" name="test_settings_org_and_logo" time="0.285" /><testcase classname="tests.backend_test" name="test_subcategory_filter_prefix_matches_children" time="0.561" /><testcase classname="tests.backend_test.TestIteration8" name="test_flag_categories_seeded_defaults" time="0.056" /><testcase classname="tests.backend_test.TestIteration8" name="test_flag_category_crud_and_cascade" time="0.605" /><testcase classname="tests.backend_test" name="test_q_search_matches_creator_and_keywords" time="0.284" /><testcase classname="tests.backend_test.TestIteration8" name="test_costume_create_with_flags_and_flag_endpoints" time="0.507" /><testcase classname="tests.backend_test" name="test_locations_list_has_path_depth" time="0.047" /><testcase classname="tests.backend_test" name="test_settings_default_view" time="0.055" /><testcase classname="tests.backend_test" name="test_bug1_legacy_string_subcategories_nested_add" time="0.453" /><testcase classname="tests.backend_test.TestIteration8" name="test_costume_buy_link_persists" time="0.377" /><testcase classname="tests.backend_test" name="test_stable_ids_across_repeated_gets" time="0.688" /><testcase classname="tests.backend_test.TestIteration8" name="test_category_color_update_and_cascade_rename" time="0.419" /><testcase classname="tests.backend_test.TestIteration8" name="test_show_link_persists" time="0.281" /><testcase classname="tests.backend_test" name="test_iter6_nested_3_deep_root_a_1" time="0.262" /><testcase classname="tests.backend_test.TestGroupsIteration7" name="test_group_full_flow" time="0.655"><failure message="assert 0 == 5">E   assert 0 == 5</failure></testcase><testcase classname="tests.backend_test" name="test_costumes_default_sort_is_origin_year_desc" time="0.731"><failure message="AssertionError: Default sort not origin_year_desc: [('TEST_SORT_NEW_eac20e', None), ('TEST_SORT_NULL_7cf430', None), ('TEST_SORT_OLD_d2b95c', None)]&#10;assert ['d7d7d570-a9...768a98e676e2'] == ['d7d7d570-a9...6f97dcc2d276']&#10;  &#10;  At index 1 diff: 'b0e48e0e-1340-413f-b162-6f97dcc2d276' != '6f1ad1e5-dc1d-4c4d-a78f-768a98e676e2'&#10;  &#10;  Full diff:&#10;    [&#10;        'd7d7d570-a979-4e27-8540-f4f96f06a865',&#10;  +     'b0e48e0e-1340-413f-b162-6f97dcc2d276',...&#10;  &#10;  ...Full output truncated (3 lines hidden), use '-vv' to show">E   AssertionError: Default sort not origin_year_desc: [('TEST_SORT_NEW_eac20e', None), ('TEST_SORT_NULL_7cf430', None), ('TEST_SORT_OLD_d2b95c', None)]
    assert ['d7d7d570-a9...768a98e676e2'] == ['d7d7d570-a9...6f97dcc2d276']
      
      At index 1 diff: 'b0e48e0e-1340-413f-b162-6f97dcc2d276' != '6f1ad1e5-dc1d-4c4d-a78f-768a98e676e2'
      
      Full diff:
        [
            'd7d7d570-a979-4e27-8540-f4f96f06a865',
      +     'b0e48e0e-1340-413f-b162-6f97dcc2d276',...
      
      ...Full output truncated (3 lines hidden), use '-vv' to show</failure></testcase><testcase classname="tests.backend_test.TestGroupsIteration7" name="test_inventory_includes_ungrouped_costume" time="0.173" /><testcase classname="tests.backend_test.TestGroupsIteration7" name="test_create_group_requires_name" time="0.058" /></testsuite></testsuites>