<?xml version="1.0" encoding="utf-8"?><testsuites name="pytest tests"><testsuite name="pytest" errors="0" failures="0" skipped="0" tests="8" time="3.025" timestamp="2026-07-22T04:06:44.777539+00:00" hostname="agent-env-8e68233a-bb4a-4786-a332-9627757a4d64"><testcase classname="tests.test_iteration24.TestAssignmentsAndShortage" name="test_put_assignments_derives_ids_and_no_shortage" time="0.622" /><testcase classname="tests.test_iteration24.TestAssignmentsAndShortage" name="test_over_assign_size_triggers_shortage" time="0.046" /><testcase classname="tests.test_iteration24.TestAssignmentsAndShortage" name="test_get_returns_shortage_fields" time="0.046" /><testcase classname="tests.test_iteration24.TestAssignmentsAndShortage" name="test_legacy_assigned_student_ids_only_backfills" time="0.170" /><testcase classname="tests.test_iteration24.TestLiveCapAndToggle" name="test_cap_reached_returns_409" time="0.370" /><testcase classname="tests.test_iteration24.TestLiveCapAndToggle" name="test_swap_deactivates_previous_and_activates_target" time="0.094" /><testcase classname="tests.test_iteration24.TestLiveCapAndToggle" name="test_end_live_clears_and_returns_released" time="1.162" /><testcase classname="tests.test_iteration24.TestBulkDelete" name="test_bulk_delete" time="0.445" /></testsuite></testsuites>