<?xml version="1.0" encoding="utf-8"?><testsuites name="pytest tests"><testsuite name="pytest" errors="0" failures="0" skipped="0" tests="19" time="6.298" timestamp="2026-07-21T23:38:59.671140+00:00" hostname="agent-env-8e68233a-bb4a-4786-a332-9627757a4d64"><testcase classname="tests.test_iteration10.TestAuth" name="test_auth_status_public" time="0.219" /><testcase classname="tests.test_iteration10.TestAuth" name="test_get_me_without_cookie_returns_401" time="0.261" /><testcase classname="tests.test_iteration10.TestAuth" name="test_costumes_requires_auth" time="0.128" /><testcase classname="tests.test_iteration10.TestRoles" name="test_permissions_catalog" time="0.577" /><testcase classname="tests.test_iteration10.TestRoles" name="test_list_roles_has_presets" time="0.073" /><testcase classname="tests.test_iteration10.TestAuth" name="test_register_login_me_logout_flow" time="1.359" /><testcase classname="tests.test_iteration10.TestRoles" name="test_role_crud_clone_and_delete" time="0.485" /><testcase classname="tests.test_iteration10.TestRoles" name="test_cannot_delete_system_role" time="0.303" /><testcase classname="tests.test_iteration10.TestRoles" name="test_roles_org_scoped_isolation" time="1.537" /><testcase classname="tests.test_iteration10.TestAuth" name="test_bearer_token_works" time="0.598" /><testcase classname="tests.test_iteration10.TestStudents" name="test_students_config" time="0.431" /><testcase classname="tests.test_iteration10.TestOrgsInvites" name="test_organizations_mine_and_members" time="0.125" /><testcase classname="tests.test_iteration10.TestStudents" name="test_students_stats" time="0.116" /><testcase classname="tests.test_iteration10.TestOrgsInvites" name="test_invite_create_preview_redeem" time="0.945" /><testcase classname="tests.test_iteration10.TestStudents" name="test_students_crud_and_invite" time="1.026" /><testcase classname="tests.test_iteration10.TestOrgsInvites" name="test_create_new_organization" time="0.582" /><testcase classname="tests.test_iteration10.TestMapDetach" name="test_delete_costume_detaches_from_maps" time="0.815" /><testcase classname="tests.test_iteration10.TestShowIsLive" name="test_is_live_flags_attached_costumes" time="0.909" /><testcase classname="tests.test_iteration10.TestMapDetach" name="test_move_item_detaches_from_maps" time="0.853" /></testsuite></testsuites>