<?xml version="1.0" encoding="utf-8"?><testsuites name="pytest tests"><testsuite name="pytest" errors="0" failures="1" skipped="0" tests="19" time="6.041" timestamp="2026-07-21T23:32:45.517780+00:00" hostname="agent-env-8e68233a-bb4a-4786-a332-9627757a4d64"><testcase classname="tests.test_iteration10.TestAuth" name="test_auth_status_public" time="0.379" /><testcase classname="tests.test_iteration10.TestRoles" name="test_permissions_catalog" time="0.428" /><testcase classname="tests.test_iteration10.TestAuth" name="test_get_me_without_cookie_returns_401" time="0.119" /><testcase classname="tests.test_iteration10.TestRoles" name="test_list_roles_has_presets" time="0.091" /><testcase classname="tests.test_iteration10.TestAuth" name="test_costumes_requires_auth" time="0.110" /><testcase classname="tests.test_iteration10.TestRoles" name="test_role_crud_clone_and_delete" time="0.415" /><testcase classname="tests.test_iteration10.TestAuth" name="test_register_login_me_logout_flow" time="1.325" /><testcase classname="tests.test_iteration10.TestRoles" name="test_cannot_delete_system_role" time="0.102" /><testcase classname="tests.test_iteration10.TestRoles" name="test_roles_org_scoped_isolation" time="1.950"><failure message="AssertionError: Cross-org role visible — isolation broken&#10;assert 'TEST_ISO_A_81044c' not in {'TEST_ISO_A_81044c'}">E   AssertionError: Cross-org role visible — isolation broken
    assert 'TEST_ISO_A_81044c' not in {'TEST_ISO_A_81044c'}</failure></testcase><testcase classname="tests.test_iteration10.TestAuth" name="test_bearer_token_works" time="0.726" /><testcase classname="tests.test_iteration10.TestStudents" name="test_students_config" time="0.425" /><testcase classname="tests.test_iteration10.TestOrgsInvites" name="test_organizations_mine_and_members" time="0.095" /><testcase classname="tests.test_iteration10.TestOrgsInvites" name="test_invite_create_preview_redeem" time="0.793" /><testcase classname="tests.test_iteration10.TestStudents" name="test_students_stats" time="0.049" /><testcase classname="tests.test_iteration10.TestStudents" name="test_students_crud_and_invite" time="1.193" /><testcase classname="tests.test_iteration10.TestOrgsInvites" name="test_create_new_organization" time="0.672" /><testcase classname="tests.test_iteration10.TestShowIsLive" name="test_is_live_flags_attached_costumes" time="0.776" /><testcase classname="tests.test_iteration10.TestMapDetach" name="test_delete_costume_detaches_from_maps" time="0.340" /><testcase classname="tests.test_iteration10.TestMapDetach" name="test_move_item_detaches_from_maps" time="0.667" /></testsuite></testsuites>