<?xml version="1.0" encoding="utf-8"?><testsuites name="pytest tests"><testsuite name="pytest" errors="0" failures="0" skipped="0" tests="5" time="1.946" timestamp="2026-07-22T02:01:16.676426+00:00" hostname="agent-env-8e68233a-bb4a-4786-a332-9627757a4d64"><testcase classname="tests.test_iteration23" name="test_costume_dry_run_does_not_record_batch" time="0.661" /><testcase classname="tests.test_iteration23" name="test_costume_real_import_records_batch_and_undo_flow" time="0.447" /><testcase classname="tests.test_iteration23" name="test_undo_unknown_batch_404" time="0.046" /><testcase classname="tests.test_iteration23" name="test_equipment_real_import_records_batch_and_undo" time="0.243" /><testcase classname="tests.test_iteration23" name="test_imports_list_newest_first" time="0.061" /></testsuite></testsuites>