<?xml version="1.0" encoding="utf-8"?><testsuites name="pytest tests"><testsuite name="pytest" errors="0" failures="0" skipped="0" tests="10" time="2.050" timestamp="2026-07-22T01:37:02.893665+00:00" hostname="agent-env-8e68233a-bb4a-4786-a332-9627757a4d64"><testcase classname="tests.test_iteration22.TestCostumeImport" name="test_dry_run_does_not_insert" time="0.737" /><testcase classname="tests.test_iteration22.TestShortageFlag" name="test_list_all_have_shortage_key" time="0.696" /><testcase classname="tests.test_iteration22.TestShortageFlag" name="test_not_in_use_shortage_false" time="0.191" /><testcase classname="tests.test_iteration22.TestCostumeImport" name="test_missing_name_is_invalid" time="0.054" /><testcase classname="tests.test_iteration22.TestCostumeImport" name="test_real_import_and_duplicate_and_autocreate" time="0.260" /><testcase classname="tests.test_iteration22.TestShortageFlag" name="test_in_use_shortage_true_when_qty_lt_assigned" time="0.196" /><testcase classname="tests.test_iteration22.TestEquipmentImport" name="test_equipment_dry_run" time="0.093" /><testcase classname="tests.test_iteration22.TestShortageFlag" name="test_in_use_shortage_false_when_no_assignments" time="0.113" /><testcase classname="tests.test_iteration22.TestEquipmentImport" name="test_equipment_missing_name_invalid" time="0.048" /><testcase classname="tests.test_iteration22.TestEquipmentImport" name="test_equipment_real_and_duplicate_and_autocreate" time="0.380" /></testsuite></testsuites>