<?xml version="1.0" encoding="utf-8"?><testsuites name="pytest tests"><testsuite name="pytest" errors="0" failures="0" skipped="0" tests="13" time="10.543" timestamp="2026-07-01T01:57:36.334192+00:00" hostname="agent-env-c57c5449-28ed-43bb-adba-6d603fef51a4"><testcase classname="tests.backend_test" name="test_api_root" time="0.269" /><testcase classname="tests.backend_test" name="test_stats_shape" time="0.079" /><testcase classname="tests.backend_test" name="test_categories_returns_subcategories_as_objects" time="1.093" /><testcase classname="tests.backend_test" name="test_subcategory_add_rename_delete_flat" time="1.613" /><testcase classname="tests.backend_test" name="test_subcategory_nested_3_deep" time="2.307" /><testcase classname="tests.backend_test" name="test_legacy_string_subcategories_migrated_on_read" time="0.056" /><testcase classname="tests.backend_test" name="test_show_accepts_and_persists_image_id_and_notes" time="0.247" /><testcase classname="tests.backend_test" name="test_costume_filters_year_and_show_id" time="2.204" /><testcase classname="tests.backend_test" name="test_system_size_sort_falls_through_no_500" time="0.568" /><testcase classname="tests.backend_test" name="test_subcategory_filter_prefix_matches_children" time="1.089" /><testcase classname="tests.backend_test" name="test_q_search_matches_creator_and_keywords" time="0.371" /><testcase classname="tests.backend_test" name="test_locations_list_has_path_depth" time="0.050" /><testcase classname="tests.backend_test" name="test_settings_default_view" time="0.054" /></testsuite></testsuites>