<?xml version="1.0" encoding="utf-8"?><testsuites name="pytest tests"><testsuite name="pytest" errors="0" failures="1" skipped="0" tests="31" time="6.936" timestamp="2026-07-01T00:51:56.025382+00:00" hostname="agent-env-c57c5449-28ed-43bb-adba-6d603fef51a4"><testcase classname="tests.backend_test" name="test_api_root" time="0.211" /><testcase classname="tests.backend_test" name="test_stats_shape" time="0.050" /><testcase classname="tests.backend_test" name="test_locations_seeded" time="0.048" /><testcase classname="tests.backend_test" name="test_locations_create_duplicate_delete" time="0.221" /><testcase classname="tests.backend_test" name="test_categories_seeded" time="0.046" /><testcase classname="tests.backend_test" name="test_categories_create" time="0.048" /><testcase classname="tests.backend_test" name="test_create_costume_computes_total" time="0.089" /><testcase classname="tests.backend_test" name="test_get_costume_by_id" time="0.133" /><testcase classname="tests.backend_test" name="test_get_costume_404" time="0.045" /><testcase classname="tests.backend_test" name="test_list_costumes_filters" time="0.340" /><testcase classname="tests.backend_test" name="test_size_filter_excludes_zero" time="0.183" /><testcase classname="tests.backend_test" name="test_update_costume_recomputes_total" time="0.196" /><testcase classname="tests.backend_test" name="test_delete_costume" time="0.136" /><testcase classname="tests.backend_test" name="test_upload_image_contract" time="0.675" /><testcase classname="tests.backend_test" name="test_stats_has_flagged" time="0.045" /><testcase classname="tests.backend_test" name="test_create_costume_with_new_fields" time="0.141" /><testcase classname="tests.backend_test" name="test_put_updates_new_fields_and_unflag" time="0.204" /><testcase classname="tests.backend_test" name="test_flag_unflag_endpoints" time="0.187" /><testcase classname="tests.backend_test" name="test_flagged_list_and_filter" time="0.317" /><testcase classname="tests.backend_test" name="test_location_costume_counts" time="0.138" /><testcase classname="tests.backend_test" name="test_delete_category_semantics" time="0.334" /><testcase classname="tests.backend_test" name="test_settings_default_and_update" time="0.228" /><testcase classname="tests.backend_test" name="test_backcompat_missing_xxl_keys" time="0.147" /><testcase classname="tests.backend_test" name="test_sizing_systems_seeded" time="0.049" /><testcase classname="tests.backend_test" name="test_sizing_system_crud" time="0.284" /><testcase classname="tests.backend_test" name="test_sizing_system_delete_in_use_409" time="0.248" /><testcase classname="tests.backend_test" name="test_categories_have_subcategories_field" time="0.050" /><testcase classname="tests.backend_test" name="test_subcategory_add_and_delete" time="0.429"><failure message="assert 404 == 200&#10; +  where 404 = &lt;Response [404]&gt;.status_code">backend/tests/backend_test.py:596: in test_subcategory_add_and_delete
    assert r.status_code == 200
E   assert 404 == 200
E    +  where 404 = &lt;Response [404]&gt;.status_code</failure></testcase><testcase classname="tests.backend_test" name="test_create_costume_with_iteration3_fields" time="0.156" /><testcase classname="tests.backend_test" name="test_update_costume_iteration3_fields" time="0.195" /><testcase classname="tests.backend_test" name="test_list_costumes_iteration3_filters_and_sort" time="0.633" /></testsuite></testsuites>